{"/Users/nico.wimmer/Development/DiceSage/common.js": {"path":"/Users/nico.wimmer/Development/DiceSage/common.js","statementMap":{"0":{"start":{"line":6,"column":17},"end":{"line":6,"column":53}},"1":{"start":{"line":7,"column":4},"end":{"line":11,"column":5}},"2":{"start":{"line":8,"column":8},"end":{"line":8,"column":36}},"3":{"start":{"line":10,"column":8},"end":{"line":10,"column":37}},"4":{"start":{"line":14,"column":0},"end":{"line":14,"column":28}}},"fnMap":{"0":{"name":"toggleMenu","decl":{"start":{"line":5,"column":9},"end":{"line":5,"column":19}},"loc":{"start":{"line":5,"column":22},"end":{"line":12,"column":1}},"line":5}},"branchMap":{"0":{"loc":{"start":{"line":7,"column":4},"end":{"line":11,"column":5}},"type":"if","locations":[{"start":{"line":7,"column":4},"end":{"line":11,"column":5}},{"start":{"line":9,"column":11},"end":{"line":11,"column":5}}],"line":7}},"s":{"0":2,"1":2,"2":1,"3":1,"4":1},"f":{"0":2},"b":{"0":[1,1]},"_coverageSchema":"1a1c01bbd47fc00a2c39e90264f33305004495a9","hash":"d1330a1b4861b8ac36aa7dfed9496312d7fc9cdb"}
,"/Users/nico.wimmer/Development/DiceSage/dicepool.js": {"path":"/Users/nico.wimmer/Development/DiceSage/dicepool.js","statementMap":{"0":{"start":{"line":2,"column":25},"end":{"line":2,"column":29}},"1":{"start":{"line":5,"column":15},"end":{"line":5,"column":17}},"2":{"start":{"line":13,"column":20},"end":{"line":13,"column":63}},"3":{"start":{"line":13,"column":42},"end":{"line":13,"column":62}},"4":{"start":{"line":14,"column":4},"end":{"line":20,"column":5}},"5":{"start":{"line":16,"column":8},"end":{"line":16,"column":29}},"6":{"start":{"line":19,"column":8},"end":{"line":19,"column":50}},"7":{"start":{"line":21,"column":4},"end":{"line":21,"column":22}},"8":{"start":{"line":30,"column":20},"end":{"line":30,"column":63}},"9":{"start":{"line":30,"column":42},"end":{"line":30,"column":62}},"10":{"start":{"line":31,"column":4},"end":{"line":36,"column":5}},"11":{"start":{"line":32,"column":8},"end":{"line":32,"column":29}},"12":{"start":{"line":33,"column":8},"end":{"line":35,"column":9}},"13":{"start":{"line":34,"column":12},"end":{"line":34,"column":60}},"14":{"start":{"line":37,"column":4},"end":{"line":37,"column":22}},"15":{"start":{"line":44,"column":25},"end":{"line":44,"column":64}},"16":{"start":{"line":45,"column":4},"end":{"line":45,"column":32}},"17":{"start":{"line":47,"column":4},"end":{"line":51,"column":7}},"18":{"start":{"line":48,"column":25},"end":{"line":48,"column":53}},"19":{"start":{"line":49,"column":8},"end":{"line":49,"column":64}},"20":{"start":{"line":50,"column":8},"end":{"line":50,"column":43}},"21":{"start":{"line":52,"column":4},"end":{"line":52,"column":28}},"22":{"start":{"line":59,"column":23},"end":{"line":59,"column":24}},"23":{"start":{"line":61,"column":4},"end":{"line":64,"column":7}},"24":{"start":{"line":62,"column":34},"end":{"line":62,"column":54}},"25":{"start":{"line":63,"column":8},"end":{"line":63,"column":55}},"26":{"start":{"line":66,"column":4},"end":{"line":66,"column":87}},"27":{"start":{"line":73,"column":18},"end":{"line":73,"column":20}},"28":{"start":{"line":74,"column":20},"end":{"line":74,"column":22}},"29":{"start":{"line":76,"column":4},"end":{"line":85,"column":5}},"30":{"start":{"line":76,"column":17},"end":{"line":76,"column":18}},"31":{"start":{"line":77,"column":22},"end":{"line":77,"column":23}},"32":{"start":{"line":78,"column":8},"end":{"line":82,"column":11}},"33":{"start":{"line":79,"column":12},"end":{"line":81,"column":13}},"34":{"start":{"line":79,"column":25},"end":{"line":79,"column":26}},"35":{"start":{"line":80,"column":16},"end":{"line":80,"column":58}},"36":{"start":{"line":83,"column":8},"end":{"line":83,"column":30}},"37":{"start":{"line":84,"column":8},"end":{"line":84,"column":59}},"38":{"start":{"line":87,"column":23},"end":{"line":87,"column":76}},"39":{"start":{"line":87,"column":48},"end":{"line":87,"column":53}},"40":{"start":{"line":88,"column":4},"end":{"line":88,"column":113}},"41":{"start":{"line":89,"column":4},"end":{"line":89,"column":32}},"42":{"start":{"line":98,"column":22},"end":{"line":98,"column":67}},"43":{"start":{"line":99,"column":4},"end":{"line":99,"column":29}},"44":{"start":{"line":101,"column":4},"end":{"line":107,"column":5}},"45":{"start":{"line":102,"column":20},"end":{"line":102,"column":49}},"46":{"start":{"line":103,"column":8},"end":{"line":103,"column":43}},"47":{"start":{"line":104,"column":8},"end":{"line":104,"column":49}},"48":{"start":{"line":105,"column":8},"end":{"line":105,"column":60}},"49":{"start":{"line":106,"column":8},"end":{"line":106,"column":35}},"50":{"start":{"line":114,"column":4},"end":{"line":114,"column":24}},"51":{"start":{"line":115,"column":4},"end":{"line":115,"column":59}},"52":{"start":{"line":116,"column":4},"end":{"line":116,"column":75}},"53":{"start":{"line":117,"column":4},"end":{"line":117,"column":41}},"54":{"start":{"line":128,"column":4},"end":{"line":128,"column":61}},"55":{"start":{"line":135,"column":4},"end":{"line":135,"column":65}},"56":{"start":{"line":142,"column":26},"end":{"line":142,"column":60}},"57":{"start":{"line":143,"column":4},"end":{"line":145,"column":5}},"58":{"start":{"line":144,"column":8},"end":{"line":144,"column":45}},"59":{"start":{"line":146,"column":4},"end":{"line":149,"column":5}},"60":{"start":{"line":147,"column":8},"end":{"line":147,"column":30}},"61":{"start":{"line":148,"column":8},"end":{"line":148,"column":30}},"62":{"start":{"line":151,"column":0},"end":{"line":154,"column":3}},"63":{"start":{"line":152,"column":4},"end":{"line":152,"column":30}},"64":{"start":{"line":153,"column":4},"end":{"line":153,"column":22}},"65":{"start":{"line":156,"column":0},"end":{"line":163,"column":2}}},"fnMap":{"0":{"name":"addDiceToPool","decl":{"start":{"line":12,"column":9},"end":{"line":12,"column":22}},"loc":{"start":{"line":12,"column":30},"end":{"line":22,"column":1}},"line":12},"1":{"name":"(anonymous_1)","decl":{"start":{"line":13,"column":34},"end":{"line":13,"column":35}},"loc":{"start":{"line":13,"column":42},"end":{"line":13,"column":62}},"line":13},"2":{"name":"removeDiceFromPool","decl":{"start":{"line":29,"column":9},"end":{"line":29,"column":27}},"loc":{"start":{"line":29,"column":35},"end":{"line":38,"column":1}},"line":29},"3":{"name":"(anonymous_3)","decl":{"start":{"line":30,"column":34},"end":{"line":30,"column":35}},"loc":{"start":{"line":30,"column":42},"end":{"line":30,"column":62}},"line":30},"4":{"name":"displayDicePool","decl":{"start":{"line":43,"column":9},"end":{"line":43,"column":24}},"loc":{"start":{"line":43,"column":27},"end":{"line":53,"column":1}},"line":43},"5":{"name":"(anonymous_5)","decl":{"start":{"line":47,"column":21},"end":{"line":47,"column":22}},"loc":{"start":{"line":47,"column":29},"end":{"line":51,"column":5}},"line":47},"6":{"name":"calculateAverageSum","decl":{"start":{"line":58,"column":9},"end":{"line":58,"column":28}},"loc":{"start":{"line":58,"column":31},"end":{"line":67,"column":1}},"line":58},"7":{"name":"(anonymous_7)","decl":{"start":{"line":61,"column":21},"end":{"line":61,"column":22}},"loc":{"start":{"line":61,"column":29},"end":{"line":64,"column":5}},"line":61},"8":{"name":"simulateRollingDice","decl":{"start":{"line":72,"column":9},"end":{"line":72,"column":28}},"loc":{"start":{"line":72,"column":31},"end":{"line":90,"column":1}},"line":72},"9":{"name":"(anonymous_9)","decl":{"start":{"line":78,"column":25},"end":{"line":78,"column":26}},"loc":{"start":{"line":78,"column":33},"end":{"line":82,"column":9}},"line":78},"10":{"name":"(anonymous_10)","decl":{"start":{"line":87,"column":38},"end":{"line":87,"column":39}},"loc":{"start":{"line":87,"column":48},"end":{"line":87,"column":53}},"line":87},"11":{"name":"displayHistogram","decl":{"start":{"line":97,"column":9},"end":{"line":97,"column":25}},"loc":{"start":{"line":97,"column":37},"end":{"line":108,"column":1}},"line":97},"12":{"name":"resetDicePool","decl":{"start":{"line":113,"column":9},"end":{"line":113,"column":22}},"loc":{"start":{"line":113,"column":25},"end":{"line":118,"column":1}},"line":113},"13":{"name":"getRandomNumber","decl":{"start":{"line":127,"column":9},"end":{"line":127,"column":24}},"loc":{"start":{"line":127,"column":35},"end":{"line":129,"column":1}},"line":127},"14":{"name":"saveDicePoolToSession","decl":{"start":{"line":134,"column":9},"end":{"line":134,"column":30}},"loc":{"start":{"line":134,"column":33},"end":{"line":136,"column":1}},"line":134},"15":{"name":"loadDicePoolFromSession","decl":{"start":{"line":141,"column":9},"end":{"line":141,"column":32}},"loc":{"start":{"line":141,"column":35},"end":{"line":150,"column":1}},"line":141},"16":{"name":"(anonymous_16)","decl":{"start":{"line":151,"column":46},"end":{"line":151,"column":47}},"loc":{"start":{"line":151,"column":57},"end":{"line":154,"column":1}},"line":151}},"branchMap":{"0":{"loc":{"start":{"line":14,"column":4},"end":{"line":20,"column":5}},"type":"if","locations":[{"start":{"line":14,"column":4},"end":{"line":20,"column":5}},{"start":{"line":17,"column":11},"end":{"line":20,"column":5}}],"line":14},"1":{"loc":{"start":{"line":31,"column":4},"end":{"line":36,"column":5}},"type":"if","locations":[{"start":{"line":31,"column":4},"end":{"line":36,"column":5}},{"start":{},"end":{}}],"line":31},"2":{"loc":{"start":{"line":31,"column":8},"end":{"line":31,"column":40}},"type":"binary-expr","locations":[{"start":{"line":31,"column":8},"end":{"line":31,"column":17}},{"start":{"line":31,"column":21},"end":{"line":31,"column":40}}],"line":31},"3":{"loc":{"start":{"line":33,"column":8},"end":{"line":35,"column":9}},"type":"if","locations":[{"start":{"line":33,"column":8},"end":{"line":35,"column":9}},{"start":{},"end":{}}],"line":33},"4":{"loc":{"start":{"line":84,"column":30},"end":{"line":84,"column":53}},"type":"binary-expr","locations":[{"start":{"line":84,"column":30},"end":{"line":84,"column":48}},{"start":{"line":84,"column":52},"end":{"line":84,"column":53}}],"line":84},"5":{"loc":{"start":{"line":143,"column":4},"end":{"line":145,"column":5}},"type":"if","locations":[{"start":{"line":143,"column":4},"end":{"line":145,"column":5}},{"start":{},"end":{}}],"line":143},"6":{"loc":{"start":{"line":146,"column":4},"end":{"line":149,"column":5}},"type":"if","locations":[{"start":{"line":146,"column":4},"end":{"line":149,"column":5}},{"start":{},"end":{}}],"line":146}},"s":{"0":1,"1":1,"2":10,"3":3,"4":10,"5":3,"6":7,"7":10,"8":3,"9":3,"10":3,"11":3,"12":3,"13":2,"14":3,"15":13,"16":13,"17":13,"18":11,"19":11,"20":11,"21":13,"22":1,"23":1,"24":1,"25":1,"26":1,"27":1,"28":1,"29":1,"30":1,"31":1000,"32":1000,"33":1000,"34":1000,"35":2000,"36":1000,"37":1000,"38":1,"39":1000,"40":1,"41":1,"42":1,"43":1,"44":1,"45":1,"46":1,"47":1,"48":1,"49":1,"50":9,"51":9,"52":9,"53":9,"54":2001,"55":13,"56":0,"57":0,"58":0,"59":0,"60":0,"61":0,"62":1,"63":0,"64":0,"65":1},"f":{"0":10,"1":3,"2":3,"3":3,"4":13,"5":11,"6":1,"7":1,"8":1,"9":1000,"10":1000,"11":1,"12":9,"13":2001,"14":13,"15":0,"16":0},"b":{"0":[3,7],"1":[3,0],"2":[3,3],"3":[2,1],"4":[1000,1],"5":[0,0],"6":[0,0]},"_coverageSchema":"1a1c01bbd47fc00a2c39e90264f33305004495a9","hash":"41f929934b1dc84afc63970dc211e4ed2dd264e7"}
,"/Users/nico.wimmer/Development/DiceSage/diceroller.js": {"path":"/Users/nico.wimmer/Development/DiceSage/diceroller.js","statementMap":{"0":{"start":{"line":2,"column":28},"end":{"line":2,"column":30}},"1":{"start":{"line":4,"column":0},"end":{"line":9,"column":3}},"2":{"start":{"line":5,"column":4},"end":{"line":8,"column":7}},"3":{"start":{"line":6,"column":30},"end":{"line":6,"column":82}},"4":{"start":{"line":7,"column":8},"end":{"line":7,"column":32}},"5":{"start":{"line":16,"column":25},"end":{"line":16,"column":67}},"6":{"start":{"line":17,"column":18},"end":{"line":17,"column":51}},"7":{"start":{"line":18,"column":16},"end":{"line":18,"column":29}},"8":{"start":{"line":19,"column":23},"end":{"line":19,"column":72}},"9":{"start":{"line":20,"column":4},"end":{"line":20,"column":26}},"10":{"start":{"line":21,"column":4},"end":{"line":21,"column":27}},"11":{"start":{"line":32,"column":16},"end":{"line":32,"column":18}},"12":{"start":{"line":33,"column":4},"end":{"line":35,"column":5}},"13":{"start":{"line":33,"column":17},"end":{"line":33,"column":18}},"14":{"start":{"line":34,"column":8},"end":{"line":34,"column":58}},"15":{"start":{"line":36,"column":4},"end":{"line":36,"column":17}},"16":{"start":{"line":46,"column":4},"end":{"line":46,"column":56}},"17":{"start":{"line":46,"column":41},"end":{"line":46,"column":51}},"18":{"start":{"line":59,"column":27},"end":{"line":59,"column":42}},"19":{"start":{"line":60,"column":4},"end":{"line":60,"column":71}},"20":{"start":{"line":69,"column":21},"end":{"line":69,"column":49}},"21":{"start":{"line":70,"column":4},"end":{"line":70,"column":35}},"22":{"start":{"line":72,"column":20},"end":{"line":72,"column":54}},"23":{"start":{"line":73,"column":4},"end":{"line":77,"column":5}},"24":{"start":{"line":74,"column":8},"end":{"line":74,"column":59}},"25":{"start":{"line":76,"column":8},"end":{"line":76,"column":38}},"26":{"start":{"line":80,"column":4},"end":{"line":82,"column":5}},"27":{"start":{"line":81,"column":8},"end":{"line":81,"column":47}},"28":{"start":{"line":89,"column":28},"end":{"line":89,"column":71}},"29":{"start":{"line":90,"column":24},"end":{"line":90,"column":77}},"30":{"start":{"line":90,"column":62},"end":{"line":90,"column":76}},"31":{"start":{"line":91,"column":4},"end":{"line":91,"column":67}},"32":{"start":{"line":98,"column":25},"end":{"line":98,"column":58}},"33":{"start":{"line":99,"column":4},"end":{"line":102,"column":5}},"34":{"start":{"line":100,"column":28},"end":{"line":100,"column":52}},"35":{"start":{"line":101,"column":8},"end":{"line":101,"column":59}},"36":{"start":{"line":101,"column":39},"end":{"line":101,"column":57}},"37":{"start":{"line":105,"column":0},"end":{"line":105,"column":25}},"38":{"start":{"line":107,"column":0},"end":{"line":107,"column":70}}},"fnMap":{"0":{"name":"(anonymous_0)","decl":{"start":{"line":4,"column":46},"end":{"line":4,"column":47}},"loc":{"start":{"line":4,"column":57},"end":{"line":9,"column":1}},"line":4},"1":{"name":"(anonymous_1)","decl":{"start":{"line":5,"column":77},"end":{"line":5,"column":78}},"loc":{"start":{"line":5,"column":88},"end":{"line":8,"column":5}},"line":5},"2":{"name":"rollDice","decl":{"start":{"line":15,"column":9},"end":{"line":15,"column":17}},"loc":{"start":{"line":15,"column":25},"end":{"line":22,"column":1}},"line":15},"3":{"name":"getDiceRolls","decl":{"start":{"line":31,"column":9},"end":{"line":31,"column":21}},"loc":{"start":{"line":31,"column":36},"end":{"line":37,"column":1}},"line":31},"4":{"name":"getSum","decl":{"start":{"line":45,"column":9},"end":{"line":45,"column":15}},"loc":{"start":{"line":45,"column":25},"end":{"line":47,"column":1}},"line":45},"5":{"name":"(anonymous_5)","decl":{"start":{"line":46,"column":26},"end":{"line":46,"column":27}},"loc":{"start":{"line":46,"column":41},"end":{"line":46,"column":51}},"line":46},"6":{"name":"formatLogMessage","decl":{"start":{"line":58,"column":9},"end":{"line":58,"column":25}},"loc":{"start":{"line":58,"column":52},"end":{"line":61,"column":1}},"line":58},"7":{"name":"updateLog","decl":{"start":{"line":68,"column":9},"end":{"line":68,"column":18}},"loc":{"start":{"line":68,"column":28},"end":{"line":83,"column":1}},"line":68},"8":{"name":"saveRollLogToSession","decl":{"start":{"line":88,"column":9},"end":{"line":88,"column":29}},"loc":{"start":{"line":88,"column":32},"end":{"line":92,"column":1}},"line":88},"9":{"name":"(anonymous_9)","decl":{"start":{"line":90,"column":56},"end":{"line":90,"column":57}},"loc":{"start":{"line":90,"column":62},"end":{"line":90,"column":76}},"line":90},"10":{"name":"loadRollLogFromSession","decl":{"start":{"line":97,"column":9},"end":{"line":97,"column":31}},"loc":{"start":{"line":97,"column":34},"end":{"line":103,"column":1}},"line":97},"11":{"name":"(anonymous_11)","decl":{"start":{"line":101,"column":28},"end":{"line":101,"column":29}},"loc":{"start":{"line":101,"column":39},"end":{"line":101,"column":57}},"line":101}},"branchMap":{"0":{"loc":{"start":{"line":73,"column":4},"end":{"line":77,"column":5}},"type":"if","locations":[{"start":{"line":73,"column":4},"end":{"line":77,"column":5}},{"start":{"line":75,"column":11},"end":{"line":77,"column":5}}],"line":73},"1":{"loc":{"start":{"line":99,"column":4},"end":{"line":102,"column":5}},"type":"if","locations":[{"start":{"line":99,"column":4},"end":{"line":102,"column":5}},{"start":{},"end":{}}],"line":99}},"s":{"0":1,"1":1,"2":0,"3":0,"4":0,"5":2,"6":2,"7":2,"8":2,"9":2,"10":2,"11":3,"12":3,"13":3,"14":4,"15":3,"16":3,"17":6,"18":3,"19":3,"20":2,"21":2,"22":2,"23":2,"24":2,"25":0,"26":2,"27":0,"28":2,"29":2,"30":4,"31":2,"32":1,"33":1,"34":0,"35":0,"36":0,"37":1,"38":1},"f":{"0":0,"1":0,"2":2,"3":3,"4":3,"5":6,"6":3,"7":2,"8":2,"9":4,"10":1,"11":0},"b":{"0":[2,0],"1":[0,1]},"_coverageSchema":"1a1c01bbd47fc00a2c39e90264f33305004495a9","hash":"6ffa692c5fec6e05762b7a004bb00f5d9ae70d6d"}
}
