TN:
SF:common.js
FN:5,toggleMenu
FNF:1
FNH:1
FNDA:2,toggleMenu
DA:6,2
DA:7,2
DA:8,1
DA:10,1
DA:14,1
LF:5
LH:5
BRDA:7,0,0,1
BRDA:7,0,1,1
BRF:2
BRH:2
end_of_record
TN:
SF:dicepool.js
FN:12,addDiceToPool
FN:13,(anonymous_1)
FN:29,removeDiceFromPool
FN:30,(anonymous_3)
FN:43,displayDicePool
FN:47,(anonymous_5)
FN:58,calculateAverageSum
FN:61,(anonymous_7)
FN:72,simulateRollingDice
FN:78,(anonymous_9)
FN:87,(anonymous_10)
FN:97,displayHistogram
FN:113,resetDicePool
FN:127,getRandomNumber
FN:134,saveDicePoolToSession
FN:141,loadDicePoolFromSession
FN:151,(anonymous_16)
FNF:17
FNH:15
FNDA:10,addDiceToPool
FNDA:3,(anonymous_1)
FNDA:3,removeDiceFromPool
FNDA:3,(anonymous_3)
FNDA:13,displayDicePool
FNDA:11,(anonymous_5)
FNDA:1,calculateAverageSum
FNDA:1,(anonymous_7)
FNDA:1,simulateRollingDice
FNDA:1000,(anonymous_9)
FNDA:1000,(anonymous_10)
FNDA:1,displayHistogram
FNDA:9,resetDicePool
FNDA:2001,getRandomNumber
FNDA:13,saveDicePoolToSession
FNDA:0,loadDicePoolFromSession
FNDA:0,(anonymous_16)
DA:2,1
DA:5,1
DA:13,10
DA:14,10
DA:16,3
DA:19,7
DA:21,10
DA:30,3
DA:31,3
DA:32,3
DA:33,3
DA:34,2
DA:37,3
DA:44,13
DA:45,13
DA:47,13
DA:48,11
DA:49,11
DA:50,11
DA:52,13
DA:59,1
DA:61,1
DA:62,1
DA:63,1
DA:66,1
DA:73,1
DA:74,1
DA:76,1
DA:77,1000
DA:78,1000
DA:79,1000
DA:80,2000
DA:83,1000
DA:84,1000
DA:87,1000
DA:88,1
DA:89,1
DA:98,1
DA:99,1
DA:101,1
DA:102,1
DA:103,1
DA:104,1
DA:105,1
DA:106,1
DA:114,9
DA:115,9
DA:116,9
DA:117,9
DA:128,2001
DA:135,13
DA:142,0
DA:143,0
DA:144,0
DA:146,0
DA:147,0
DA:148,0
DA:151,1
DA:152,0
DA:153,0
DA:156,1
LF:61
LH:53
BRDA:14,0,0,3
BRDA:14,0,1,7
BRDA:31,1,0,3
BRDA:31,1,1,0
BRDA:31,2,0,3
BRDA:31,2,1,3
BRDA:33,3,0,2
BRDA:33,3,1,1
BRDA:84,4,0,1000
BRDA:84,4,1,1
BRDA:143,5,0,0
BRDA:143,5,1,0
BRDA:146,6,0,0
BRDA:146,6,1,0
BRF:14
BRH:9
end_of_record
TN:
SF:diceroller.js
FN:4,(anonymous_0)
FN:5,(anonymous_1)
FN:15,rollDice
FN:31,getDiceRolls
FN:45,getSum
FN:46,(anonymous_5)
FN:58,formatLogMessage
FN:68,updateLog
FN:88,saveRollLogToSession
FN:90,(anonymous_9)
FN:97,loadRollLogFromSession
FN:101,(anonymous_11)
FNF:12
FNH:9
FNDA:0,(anonymous_0)
FNDA:0,(anonymous_1)
FNDA:2,rollDice
FNDA:3,getDiceRolls
FNDA:3,getSum
FNDA:6,(anonymous_5)
FNDA:3,formatLogMessage
FNDA:2,updateLog
FNDA:2,saveRollLogToSession
FNDA:4,(anonymous_9)
FNDA:1,loadRollLogFromSession
FNDA:0,(anonymous_11)
DA:2,1
DA:4,1
DA:5,0
DA:6,0
DA:7,0
DA:16,2
DA:17,2
DA:18,2
DA:19,2
DA:20,2
DA:21,2
DA:32,3
DA:33,3
DA:34,4
DA:36,3
DA:46,6
DA:59,3
DA:60,3
DA:69,2
DA:70,2
DA:72,2
DA:73,2
DA:74,2
DA:76,0
DA:80,2
DA:81,0
DA:89,2
DA:90,4
DA:91,2
DA:98,1
DA:99,1
DA:100,0
DA:101,0
DA:105,1
DA:107,1
LF:35
LH:28
BRDA:73,0,0,2
BRDA:73,0,1,0
BRDA:99,1,0,0
BRDA:99,1,1,1
BRF:4
BRH:2
end_of_record
